<?xml version="1.0" encoding="UTF-8"?>
<!-- Generated by org.testng.reporters.JUnitXMLReporter -->
<testsuite ignored="0" hostname="LAPTOP-BR02LKSC" failures="1" tests="1" name="Test" time="13.295" errors="0" timestamp="2024-06-14T13:27:50 SGT">
  <testcase classname="io.cucumber.testng.AbstractTestNGCucumberTests" name="runScenario" time="8.327">
    <failure type="java.lang.NullPointerException" message="Cannot invoke &amp;quot;org.apache.logging.log4j.Logger.debug(String)&amp;quot; because &amp;quot;this.logs&amp;quot; is null">
      <![CDATA[java.lang.NullPointerException: Cannot invoke "org.apache.logging.log4j.Logger.debug(String)" because "this.logs" is null
at stepdefinitions.loginsteps.open_Application_Home_Page(loginsteps.java:31)
at ✽.User navigates to application Landing page(file:///D:/Shirish/eCommerceCode/Cucumber_TestNG_Hybrid/src/test/resources/features/login.feature:6)
]]>
    </failure>
  </testcase> <!-- runScenario -->
</testsuite> <!-- Test -->
