<?xml version="1.0" encoding="UTF-8"?>
<testsuite xmlns:xsi="http://www.w3.org/2001/XMLSchema-instance" xsi:noNamespaceSchemaLocation="https://maven.apache.org/surefire/maven-surefire-plugin/xsd/surefire-test-report-3.0.xsd" version="3.0" name="TestSuite" time="14.017" tests="1" errors="0" skipped="0" failures="1">
  <properties>
[...]
</properties>
  <testcase name="runScenario[&quot;Login to application&quot;, &quot;Optional[User Login]&quot;](1)" classname="runner.runnerTest" time="8.34">
    <failure message="Cannot invoke &quot;org.apache.logging.log4j.Logger.debug(String)&quot; because &quot;this.logs&quot; is null" type="java.lang.NullPointerException"><![CDATA[java.lang.NullPointerException: Cannot invoke "org.apache.logging.log4j.Logger.debug(String)" because "this.logs" is null
	at stepdefinitions.loginsteps.open_Application_Home_Page(loginsteps.java:31)
	at ✽.User navigates to application Landing page(file:///D:/Shirish/eCommerceCode/Cucumber_TestNG_Hybrid/src/test/resources/features/login.feature:6)
]]></failure>
    <system-out><![CDATA[
@Test
Scenario: Login to application                                                                        &amp#27;[90m# src/test/resources/features/login.feature:5&amp#27;[0m
  &amp#27;[31mWhen &amp#27;[0m&amp#27;[31mUser navigates to application Landing page&amp#27;[0m                                                     &amp#27;[90m# stepdefinitions.loginsteps.open_Application_Home_Page()&amp#27;[0m
      &amp#27;[31mjava.lang.NullPointerException: Cannot invoke "org.apache.logging.log4j.Logger.debug(String)" because "this.logs" is null
	at stepdefinitions.loginsteps.open_Application_Home_Page(loginsteps.java:31)
	at âœ½.User navigates to application Landing page(file:///D:/Shirish/eCommerceCode/Cucumber_TestNG_Hybrid/src/test/resources/features/login.feature:6)
&amp#27;[0m
  &amp#27;[36mThen &amp#27;[0m&amp#27;[36muser validates the landing page title "#1 Free CRM Power Up your Entire Business Free Forever"&amp#27;[0m &amp#27;[90m# null&amp#27;[0m

    Embedding Login to application [image/png 452659 bytes]

]]></system-out>
    <system-err><![CDATA[SLF4J: Failed to load class "org.slf4j.impl.StaticLoggerBinder".
SLF4J: Defaulting to no-operation (NOP) logger implementation
SLF4J: See http://www.slf4j.org/codes.html#StaticLoggerBinder for further details.
Jun 14, 2024 1:27:41 PM org.openqa.selenium.devtools.CdpVersionFinder findNearestMatch
WARNING: Unable to find an exact match for CDP version 125, returning the closest version; found: 122; Please update to a Selenium version that supports CDP version 125
]]></system-err>
  </testcase>
</testsuite>