<?xml version="1.0" encoding="UTF-8"?>
<testng-results ignored="0" total="1" passed="0" failed="1" skipped="0">
  <reporter-output>
  </reporter-output>
  <suite started-at="2024-06-14T13:49:50 SGT" name="Suite" finished-at="2024-06-14T13:50:03 SGT" duration-ms="12562">
    <groups>
      <group name="cucumber">
        <method signature="AbstractTestNGCucumberTests.runScenario(io.cucumber.testng.PickleWrapper,io.cucumber.testng.FeatureWrapper)[pri:0, instance:runner.runnerTest@2a265ea9]" name="runScenario" class="io.cucumber.testng.AbstractTestNGCucumberTests"/>
      </group> <!-- cucumber -->
    </groups>
    <test started-at="2024-06-14T13:49:50 SGT" name="Test" finished-at="2024-06-14T13:50:03 SGT" duration-ms="12562">
      <class name="runner.runnerTest">
        <test-method is-config="true" signature="setUpClass()[pri:0, instance:runner.runnerTest@2a265ea9]" started-at="2024-06-14T13:49:50 SGT" name="setUpClass" finished-at="2024-06-14T13:49:51 SGT" duration-ms="801" status="PASS">
          <reporter-output>
          </reporter-output>
        </test-method> <!-- setUpClass -->
        <test-method signature="runScenario(io.cucumber.testng.PickleWrapper,io.cucumber.testng.FeatureWrapper)[pri:0, instance:runner.runnerTest@2a265ea9]" started-at="2024-06-14T13:49:51 SGT" name="runScenario" description="Runs Cucumber Scenarios" data-provider="scenarios" finished-at="2024-06-14T13:49:59 SGT" duration-ms="7771" status="FAIL">
          <params>
            <param index="0">
              <value>
                <![CDATA["Login to application"]]>
              </value>
            </param>
            <param index="1">
              <value>
                <![CDATA["Optional[User Login]"]]>
              </value>
            </param>
          </params>
          <exception class="java.lang.NullPointerException">
            <message>
              <![CDATA[Cannot invoke "org.apache.logging.log4j.Logger.debug(String)" because "this.logs" is null]]>
            </message>
            <full-stacktrace>
              <![CDATA[java.lang.NullPointerException: Cannot invoke "org.apache.logging.log4j.Logger.debug(String)" because "this.logs" is null
at stepdefinitions.loginsteps.open_Application_Home_Page(loginsteps.java:31)
at ✽.User navigates to application Landing page(file:///D:/Shirish/eCommerceCode/Cucumber_TestNG_Hybrid/src/test/resources/features/login.feature:6)
]]>
            </full-stacktrace>
          </exception> <!-- java.lang.NullPointerException -->
          <reporter-output>
          </reporter-output>
        </test-method> <!-- runScenario -->
        <test-method is-config="true" signature="tearDownClass()[pri:0, instance:runner.runnerTest@2a265ea9]" started-at="2024-06-14T13:49:59 SGT" name="tearDownClass" finished-at="2024-06-14T13:50:03 SGT" duration-ms="3925" status="PASS">
          <reporter-output>
          </reporter-output>
        </test-method> <!-- tearDownClass -->
      </class> <!-- runner.runnerTest -->
    </test> <!-- Test -->
  </suite> <!-- Suite -->
</testng-results>
