<?xml version="1.0" encoding="UTF-8"?>
<testng-results ignored="0" total="9" passed="9" failed="0" skipped="0">
  <reporter-output>
  </reporter-output>
  <suite started-at="2024-04-21T20:51:36 IST" name="Default suite" finished-at="2024-04-21T20:53:09 IST" duration-ms="93558">
    <groups>
      <group name="cucumber">
        <method signature="AbstractTestNGCucumberTests.runScenario(io.cucumber.testng.PickleWrapper,io.cucumber.testng.FeatureWrapper)[pri:0, instance:runner.runnerTest@1e800aaa]" name="runScenario" class="io.cucumber.testng.AbstractTestNGCucumberTests"/>
      </group> <!-- cucumber -->
    </groups>
    <test started-at="2024-04-21T20:51:36 IST" name="Default test" finished-at="2024-04-21T20:53:09 IST" duration-ms="93558">
      <class name="runner.runnerTest">
        <test-method is-config="true" signature="setUpClass()[pri:0, instance:runner.runnerTest@1e800aaa]" started-at="2024-04-21T20:51:36 IST" name="setUpClass" finished-at="2024-04-21T20:51:38 IST" duration-ms="1986" status="PASS">
          <reporter-output>
          </reporter-output>
        </test-method> <!-- setUpClass -->
        <test-method signature="runScenario(io.cucumber.testng.PickleWrapper,io.cucumber.testng.FeatureWrapper)[pri:0, instance:runner.runnerTest@1e800aaa]" started-at="2024-04-21T20:51:38 IST" name="runScenario" description="Runs Cucumber Scenarios" data-provider="scenarios" finished-at="2024-04-21T20:51:54 IST" duration-ms="16474" status="PASS">
          <params>
            <param index="0">
              <value>
                <![CDATA["Login with valid credentials"]]>
              </value>
            </param>
            <param index="1">
              <value>
                <![CDATA["Optional[User Login]"]]>
              </value>
            </param>
          </params>
          <reporter-output>
          </reporter-output>
        </test-method> <!-- runScenario -->
        <test-method signature="runScenario(io.cucumber.testng.PickleWrapper,io.cucumber.testng.FeatureWrapper)[pri:0, instance:runner.runnerTest@1e800aaa]" started-at="2024-04-21T20:51:54 IST" name="runScenario" description="Runs Cucumber Scenarios" data-provider="scenarios" finished-at="2024-04-21T20:52:02 IST" duration-ms="8111" status="PASS">
          <params>
            <param index="0">
              <value>
                <![CDATA["Login with invalid credentials"]]>
              </value>
            </param>
            <param index="1">
              <value>
                <![CDATA["Optional[User Login]"]]>
              </value>
            </param>
          </params>
          <reporter-output>
          </reporter-output>
        </test-method> <!-- runScenario -->
        <test-method signature="runScenario(io.cucumber.testng.PickleWrapper,io.cucumber.testng.FeatureWrapper)[pri:0, instance:runner.runnerTest@1e800aaa]" started-at="2024-04-21T20:52:02 IST" name="runScenario" description="Runs Cucumber Scenarios" data-provider="scenarios" finished-at="2024-04-21T20:52:11 IST" duration-ms="8044" status="PASS">
          <params>
            <param index="0">
              <value>
                <![CDATA["Login with invalid credentials"]]>
              </value>
            </param>
            <param index="1">
              <value>
                <![CDATA["Optional[User Login]"]]>
              </value>
            </param>
          </params>
          <reporter-output>
          </reporter-output>
        </test-method> <!-- runScenario -->
        <test-method signature="runScenario(io.cucumber.testng.PickleWrapper,io.cucumber.testng.FeatureWrapper)[pri:0, instance:runner.runnerTest@1e800aaa]" started-at="2024-04-21T20:52:11 IST" name="runScenario" description="Runs Cucumber Scenarios" data-provider="scenarios" finished-at="2024-04-21T20:52:17 IST" duration-ms="6854" status="PASS">
          <params>
            <param index="0">
              <value>
                <![CDATA["Login with invalid credentials"]]>
              </value>
            </param>
            <param index="1">
              <value>
                <![CDATA["Optional[User Login]"]]>
              </value>
            </param>
          </params>
          <reporter-output>
          </reporter-output>
        </test-method> <!-- runScenario -->
        <test-method signature="runScenario(io.cucumber.testng.PickleWrapper,io.cucumber.testng.FeatureWrapper)[pri:0, instance:runner.runnerTest@1e800aaa]" started-at="2024-04-21T20:52:17 IST" name="runScenario" description="Runs Cucumber Scenarios" data-provider="scenarios" finished-at="2024-04-21T20:52:27 IST" duration-ms="9166" status="PASS">
          <params>
            <param index="0">
              <value>
                <![CDATA["Register with valid credentials"]]>
              </value>
            </param>
            <param index="1">
              <value>
                <![CDATA["Optional[User Register]"]]>
              </value>
            </param>
          </params>
          <reporter-output>
          </reporter-output>
        </test-method> <!-- runScenario -->
        <test-method signature="runScenario(io.cucumber.testng.PickleWrapper,io.cucumber.testng.FeatureWrapper)[pri:0, instance:runner.runnerTest@1e800aaa]" started-at="2024-04-21T20:52:27 IST" name="runScenario" description="Runs Cucumber Scenarios" data-provider="scenarios" finished-at="2024-04-21T20:52:35 IST" duration-ms="8576" status="PASS">
          <params>
            <param index="0">
              <value>
                <![CDATA["Search with valid product name"]]>
              </value>
            </param>
            <param index="1">
              <value>
                <![CDATA["Optional[User Search]"]]>
              </value>
            </param>
          </params>
          <reporter-output>
          </reporter-output>
        </test-method> <!-- runScenario -->
        <test-method signature="runScenario(io.cucumber.testng.PickleWrapper,io.cucumber.testng.FeatureWrapper)[pri:0, instance:runner.runnerTest@1e800aaa]" started-at="2024-04-21T20:52:35 IST" name="runScenario" description="Runs Cucumber Scenarios" data-provider="scenarios" finished-at="2024-04-21T20:52:43 IST" duration-ms="7818" status="PASS">
          <params>
            <param index="0">
              <value>
                <![CDATA["Search with valid product name"]]>
              </value>
            </param>
            <param index="1">
              <value>
                <![CDATA["Optional[User Search]"]]>
              </value>
            </param>
          </params>
          <reporter-output>
          </reporter-output>
        </test-method> <!-- runScenario -->
        <test-method signature="runScenario(io.cucumber.testng.PickleWrapper,io.cucumber.testng.FeatureWrapper)[pri:0, instance:runner.runnerTest@1e800aaa]" started-at="2024-04-21T20:52:43 IST" name="runScenario" description="Runs Cucumber Scenarios" data-provider="scenarios" finished-at="2024-04-21T20:52:50 IST" duration-ms="7113" status="PASS">
          <params>
            <param index="0">
              <value>
                <![CDATA["Search with valid product name"]]>
              </value>
            </param>
            <param index="1">
              <value>
                <![CDATA["Optional[User Search]"]]>
              </value>
            </param>
          </params>
          <reporter-output>
          </reporter-output>
        </test-method> <!-- runScenario -->
        <test-method signature="runScenario(io.cucumber.testng.PickleWrapper,io.cucumber.testng.FeatureWrapper)[pri:0, instance:runner.runnerTest@1e800aaa]" started-at="2024-04-21T20:52:50 IST" name="runScenario" description="Runs Cucumber Scenarios" data-provider="scenarios" finished-at="2024-04-21T20:53:05 IST" duration-ms="14684" status="PASS">
          <params>
            <param index="0">
              <value>
                <![CDATA["Successfull checkout process"]]>
              </value>
            </param>
            <param index="1">
              <value>
                <![CDATA["Optional[User Checkout]"]]>
              </value>
            </param>
          </params>
          <reporter-output>
          </reporter-output>
        </test-method> <!-- runScenario -->
        <test-method is-config="true" signature="tearDownClass()[pri:0, instance:runner.runnerTest@1e800aaa]" started-at="2024-04-21T20:53:05 IST" name="tearDownClass" finished-at="2024-04-21T20:53:09 IST" duration-ms="4600" status="PASS">
          <reporter-output>
          </reporter-output>
        </test-method> <!-- tearDownClass -->
      </class> <!-- runner.runnerTest -->
    </test> <!-- Default test -->
  </suite> <!-- Default suite -->
</testng-results>
