<?xml version="1.0" encoding="UTF-8"?>
<!-- Generated by org.testng.reporters.JUnitReportReporter -->
<testsuite hostname="LAPTOP-BR02LKSC" failures="0" tests="1" name="runner.runnerTest" time="6.259" errors="1" timestamp="2024-06-14T12:56:03 SGT" skipped="0">
  <testcase classname="runner.runnerTest" name="runScenario" time="6.259">
    <error message="Cannot invoke &quot;org.apache.logging.log4j.Logger.debug(String)&quot; because &quot;this.logs&quot; is null" type="java.lang.NullPointerException">
      <![CDATA[java.lang.NullPointerException: Cannot invoke "org.apache.logging.log4j.Logger.debug(String)" because "this.logs" is null
at stepdefinitions.loginsteps.open_Application_Home_Page(loginsteps.java:31)
at ✽.User navigates to application Landing page(file:///D:/Shirish/eCommerceCode/Cucumber_TestNG_Hybrid/src/test/resources/features/login.feature:7)
]]>
    </error>
  </testcase> <!-- runScenario -->
</testsuite> <!-- runner.runnerTest -->
